<?xml version="1.0" encoding="UTF-8"?>
<!-- Generated by org.testng.reporters.JUnitXMLReporter -->
<testsuite ignored="2" hostname="DESKTOP-VRBAL0D" failures="0" tests="1" name="Default test" time="7.776" errors="0" timestamp="2025-02-16T20:56:03 IST">
  <testcase classname="com.ohrm.testcases.LoginPageTest" name="validateTitleTest" time="0.027"/>
  <testcase classname="com.ohrm.testcases.LoginPageTest" name="validateLoginTest" time="0.0">
    <ignored/>
  </testcase> <!-- validateLoginTest -->
  <testcase classname="com.ohrm.testcases.LoginPageTest" name="validateLoginMultipleRoles" time="0.0">
    <ignored/>
  </testcase> <!-- validateLoginMultipleRoles -->
</testsuite> <!-- Default test -->
