<?xml version="1.0" encoding="UTF-8"?>
<testng-results ignored="2" total="3" passed="1" failed="0" skipped="0">
  <reporter-output>
  </reporter-output>
  <suite started-at="2025-02-16T20:55:55 IST" name="Default suite" finished-at="2025-02-16T20:56:03 IST" duration-ms="7776">
    <groups>
    </groups>
    <test started-at="2025-02-16T20:55:55 IST" name="Default test" finished-at="2025-02-16T20:56:03 IST" duration-ms="7776">
      <class name="com.ohrm.testcases.LoginPageTest">
        <test-method is-config="true" signature="browserSetup()[pri:0, instance:com.ohrm.testcases.LoginPageTest@759d26fb]" started-at="2025-02-16T20:55:55 IST" name="browserSetup" finished-at="2025-02-16T20:56:02 IST" duration-ms="6847" status="PASS">
          <reporter-output>
          </reporter-output>
        </test-method> <!-- browserSetup -->
        <test-method signature="validateTitleTest()[pri:0, instance:com.ohrm.testcases.LoginPageTest@759d26fb]" started-at="2025-02-16T20:56:02 IST" name="validateTitleTest" finished-at="2025-02-16T20:56:02 IST" duration-ms="27" status="PASS">
          <reporter-output>
          </reporter-output>
        </test-method> <!-- validateTitleTest -->
        <test-method is-config="true" signature="closeSetup()[pri:0, instance:com.ohrm.testcases.LoginPageTest@759d26fb]" started-at="2025-02-16T20:56:02 IST" name="closeSetup" finished-at="2025-02-16T20:56:03 IST" duration-ms="851" status="PASS">
          <reporter-output>
          </reporter-output>
        </test-method> <!-- closeSetup -->
      </class> <!-- com.ohrm.testcases.LoginPageTest -->
    </test> <!-- Default test -->
  </suite> <!-- Default suite -->
</testng-results>
